INFO: 5月10日 周五 17:43 -- 开始运行
OFF: 5月10日 周五 17:43 -- 主窗口已关闭
INFO: 5月10日 周五 17:44 -- 开始运行
OFF: 5月10日 周五 17:44 -- 主窗口已关闭
INFO: 5月10日 周五 17:46 -- 开始运行
SEVERE: 主窗口加载失败, 程序退出
INFO: 5月10日 周五 17:47 -- 开始运行
SEVERE: 主窗口加载失败, 程序退出
INFO: 5月10日 周五 17:47 -- 开始运行
SEVERE: 主窗口加载失败, 程序退出: null
INFO: 5月10日 周五 17:48 -- 开始运行
SEVERE: 主窗口加载失败, 程序退出: 
INFO: 5月10日 周五 17:49 -- 开始运行
OFF: 5月10日 周五 17:49 -- 主窗口已关闭
INFO: 5月10日 周五 17:50 -- 开始运行
OFF: 5月10日 周五 17:50 -- 主窗口已关闭
INFO: 5月16日 周四 12:11 -- 开始运行
OFF: 5月16日 周四 12:11 -- 主窗口已关闭
INFO: 5月16日 周四 12:15 -- 开始运行
OFF: 5月16日 周四 12:15 -- 主窗口已关闭
INFO: 5月16日 周四 12:16 -- 开始运行
OFF: 5月16日 周四 12:16 -- 主窗口已关闭
INFO: 5月16日 周四 12:19 -- 开始运行
OFF: 5月16日 周四 12:19 -- 主窗口已关闭
INFO: 5月16日 周四 12:19 -- 开始运行
OFF: 5月16日 周四 12:19 -- 主窗口已关闭
INFO: 5月16日 周四 12:20 -- 开始运行
INFO: 5月16日 周四 12:21 -- 开始运行
INFO: 5月16日 周四 12:22 -- 开始运行
INFO: 5月16日 周四 12:22 -- 开始运行
INFO: 5月16日 周四 12:23 -- 开始运行
OFF: 5月16日 周四 12:24 -- 主窗口已关闭
INFO: 5月16日 周四 12:27 -- 开始运行
INFO: 5月16日 周四 12:29 -- 开始运行
INFO: 5月16日 周四 12:34 -- 开始运行
INFO: 5月16日 周四 12:34 -- 开始运行
INFO: 5月16日 周四 12:35 -- 开始运行
INFO: 5月16日 周四 12:36 -- 开始运行
OFF: 5月16日 周四 12:36 -- 主窗口已关闭
INFO: 5月16日 周四 12:37 -- 开始运行
OFF: 5月16日 周四 12:37 -- 主窗口已关闭
INFO: 5月16日 周四 12:37 -- 开始运行
OFF: 5月16日 周四 12:38 -- 主窗口已关闭
INFO: 5月16日 周四 12:40 -- 开始运行
INFO: 5月16日 周四 12:40 -- 开始运行
INFO: 5月16日 周四 12:41 -- 开始运行
INFO: 5月16日 周四 12:42 -- 开始运行
INFO: 5月16日 周四 12:42 -- 开始运行
INFO: 5月16日 周四 12:52 -- 开始运行
